--
-- PostgreSQL database cluster dump
--

SET default_transaction_read_only = off;

SET client_encoding = 'UTF8';
SET standard_conforming_strings = on;

--
-- Roles
--

CREATE ROLE pf;
ALTER ROLE pf WITH NOSUPERUSER INHERIT NOCREATEROLE NOCREATEDB LOGIN NOREPLICATION NOBYPASSRLS PASSWORD 'md51bf316133cbcbd0a79c5ed054256070a';
CREATE ROLE postgres;
ALTER ROLE postgres WITH SUPERUSER INHERIT CREATEROLE CREATEDB LOGIN REPLICATION BYPASSRLS PASSWORD 'md5044afc3a18efb6837108164d6cb19332';






--
-- Databases
--

--
-- Database "template1" dump
--

\connect template1

--
-- PostgreSQL database dump
--

-- Dumped from database version 12.5 (Ubuntu 12.5-0ubuntu0.20.04.1)
-- Dumped by pg_dump version 12.5 (Ubuntu 12.5-0ubuntu0.20.04.1)

SET statement_timeout = 0;
SET lock_timeout = 0;
SET idle_in_transaction_session_timeout = 0;
SET client_encoding = 'UTF8';
SET standard_conforming_strings = on;
SELECT pg_catalog.set_config('search_path', '', false);
SET check_function_bodies = false;
SET xmloption = content;
SET client_min_messages = warning;
SET row_security = off;

--
-- PostgreSQL database dump complete
--

--
-- Database "pf" dump
--

--
-- PostgreSQL database dump
--

-- Dumped from database version 12.5 (Ubuntu 12.5-0ubuntu0.20.04.1)
-- Dumped by pg_dump version 12.5 (Ubuntu 12.5-0ubuntu0.20.04.1)

SET statement_timeout = 0;
SET lock_timeout = 0;
SET idle_in_transaction_session_timeout = 0;
SET client_encoding = 'UTF8';
SET standard_conforming_strings = on;
SELECT pg_catalog.set_config('search_path', '', false);
SET check_function_bodies = false;
SET xmloption = content;
SET client_min_messages = warning;
SET row_security = off;

--
-- Name: pf; Type: DATABASE; Schema: -; Owner: postgres
--

CREATE DATABASE pf WITH TEMPLATE = template0 ENCODING = 'UTF8' LC_COLLATE = 'C.UTF-8' LC_CTYPE = 'C.UTF-8';


ALTER DATABASE pf OWNER TO postgres;

\connect pf

SET statement_timeout = 0;
SET lock_timeout = 0;
SET idle_in_transaction_session_timeout = 0;
SET client_encoding = 'UTF8';
SET standard_conforming_strings = on;
SELECT pg_catalog.set_config('search_path', '', false);
SET check_function_bodies = false;
SET xmloption = content;
SET client_min_messages = warning;
SET row_security = off;

SET default_tablespace = '';

SET default_table_access_method = heap;

--
-- Name: admuser; Type: TABLE; Schema: public; Owner: pf
--

CREATE TABLE public.admuser (
    auid integer NOT NULL,
    auname character varying(30) NOT NULL,
    audtcreated timestamp(0) without time zone NOT NULL,
    aupasswd character varying(32) NOT NULL
);


ALTER TABLE public.admuser OWNER TO pf;

--
-- Name: admuser_auid_seq; Type: SEQUENCE; Schema: public; Owner: pf
--

CREATE SEQUENCE public.admuser_auid_seq
    AS integer
    START WITH 1
    INCREMENT BY 1
    NO MINVALUE
    NO MAXVALUE
    CACHE 1;


ALTER TABLE public.admuser_auid_seq OWNER TO pf;

--
-- Name: admuser_auid_seq; Type: SEQUENCE OWNED BY; Schema: public; Owner: pf
--

ALTER SEQUENCE public.admuser_auid_seq OWNED BY public.admuser.auid;


--
-- Name: appuser; Type: TABLE; Schema: public; Owner: pf
--

CREATE TABLE public.appuser (
    uid integer NOT NULL,
    uname character varying(30) NOT NULL,
    udtcreated timestamp(0) without time zone NOT NULL,
    upasswd character varying(32) NOT NULL,
    udtout date
);


ALTER TABLE public.appuser OWNER TO pf;

--
-- Name: task; Type: TABLE; Schema: public; Owner: pf
--

CREATE TABLE public.task (
    tid integer NOT NULL,
    ttlid integer NOT NULL,
    tname character varying(30) NOT NULL,
    tdesc character varying(60),
    tdtdue date,
    tcompleted boolean DEFAULT false NOT NULL,
    tdtcompleted date,
    tpri smallint DEFAULT 0 NOT NULL
);


ALTER TABLE public.task OWNER TO pf;

--
-- Name: task_tid_seq; Type: SEQUENCE; Schema: public; Owner: pf
--

CREATE SEQUENCE public.task_tid_seq
    AS integer
    START WITH 1
    INCREMENT BY 1
    NO MINVALUE
    NO MAXVALUE
    CACHE 1;


ALTER TABLE public.task_tid_seq OWNER TO pf;

--
-- Name: task_tid_seq; Type: SEQUENCE OWNED BY; Schema: public; Owner: pf
--

ALTER SEQUENCE public.task_tid_seq OWNED BY public.task.tid;


--
-- Name: tlist; Type: TABLE; Schema: public; Owner: pf
--

CREATE TABLE public.tlist (
    tluid integer NOT NULL,
    tlid integer NOT NULL,
    tlname character varying(30) NOT NULL,
    tldtcreated timestamp(0) without time zone NOT NULL,
    tlactive boolean NOT NULL,
    tlpri smallint DEFAULT 0 NOT NULL,
    tlcolor character varying(8) DEFAULT 'white'::character varying NOT NULL
);


ALTER TABLE public.tlist OWNER TO pf;

--
-- Name: tlist_tlid_seq; Type: SEQUENCE; Schema: public; Owner: pf
--

CREATE SEQUENCE public.tlist_tlid_seq
    AS integer
    START WITH 1
    INCREMENT BY 1
    NO MINVALUE
    NO MAXVALUE
    CACHE 1;


ALTER TABLE public.tlist_tlid_seq OWNER TO pf;

--
-- Name: tlist_tlid_seq; Type: SEQUENCE OWNED BY; Schema: public; Owner: pf
--

ALTER SEQUENCE public.tlist_tlid_seq OWNED BY public.tlist.tlid;


--
-- Name: user_uid_seq; Type: SEQUENCE; Schema: public; Owner: pf
--

CREATE SEQUENCE public.user_uid_seq
    AS integer
    START WITH 1
    INCREMENT BY 1
    NO MINVALUE
    NO MAXVALUE
    CACHE 1;


ALTER TABLE public.user_uid_seq OWNER TO pf;

--
-- Name: user_uid_seq; Type: SEQUENCE OWNED BY; Schema: public; Owner: pf
--

ALTER SEQUENCE public.user_uid_seq OWNED BY public.appuser.uid;


--
-- Name: admuser auid; Type: DEFAULT; Schema: public; Owner: pf
--

ALTER TABLE ONLY public.admuser ALTER COLUMN auid SET DEFAULT nextval('public.admuser_auid_seq'::regclass);


--
-- Name: appuser uid; Type: DEFAULT; Schema: public; Owner: pf
--

ALTER TABLE ONLY public.appuser ALTER COLUMN uid SET DEFAULT nextval('public.user_uid_seq'::regclass);


--
-- Name: task tid; Type: DEFAULT; Schema: public; Owner: pf
--

ALTER TABLE ONLY public.task ALTER COLUMN tid SET DEFAULT nextval('public.task_tid_seq'::regclass);


--
-- Name: tlist tlid; Type: DEFAULT; Schema: public; Owner: pf
--

ALTER TABLE ONLY public.tlist ALTER COLUMN tlid SET DEFAULT nextval('public.tlist_tlid_seq'::regclass);


--
-- Data for Name: admuser; Type: TABLE DATA; Schema: public; Owner: pf
--

COPY public.admuser (auid, auname, audtcreated, aupasswd) FROM stdin;
1	pfadmin	2021-03-05 00:00:00	1234567890
\.


--
-- Data for Name: appuser; Type: TABLE DATA; Schema: public; Owner: pf
--

COPY public.appuser (uid, uname, udtcreated, upasswd, udtout) FROM stdin;
3412	test-user@2	2020-12-04 00:25:21	passwd2	\N
3413	test-user@3	2020-12-05 00:25:21	passwd3	\N
3414	test-user@4	2020-12-06 00:25:21	passwd4	\N
3415	test-user@5	2020-12-07 00:25:21	passwd5	\N
3416	test-user@6	2020-12-08 00:25:21	passwd6	\N
3417	test-user@7	2020-12-09 00:25:21	passwd7	\N
3418	test-user@8	2020-12-10 00:25:21	passwd8	\N
3419	test-user@9	2020-12-11 00:25:21	passwd9	\N
3420	test-user@10	2020-12-12 00:25:21	passwd10	\N
3421	test-user@11	2020-12-13 00:25:21	passwd11	\N
3422	test-user@12	2020-12-14 00:25:21	passwd12	\N
3423	test-user@13	2020-12-15 00:25:21	passwd13	\N
3424	test-user@14	2020-12-16 00:25:21	passwd14	\N
3425	test-user@15	2020-12-17 00:25:21	passwd15	\N
3426	test-user@16	2020-12-18 00:25:21	passwd16	\N
3427	test-user@17	2020-12-19 00:25:21	passwd17	\N
3428	test-user@18	2020-12-20 00:25:21	passwd18	\N
3429	test-user@19	2020-12-21 00:25:21	passwd19	\N
3430	test-user@20	2020-12-22 00:25:21	passwd20	\N
3431	test-user@21	2020-12-23 00:25:21	passwd21	\N
3432	test-user@22	2020-12-24 00:25:21	passwd22	\N
3433	test-user@23	2020-12-25 00:25:21	passwd23	\N
3434	test-user@24	2020-12-26 00:25:21	passwd24	\N
3435	test-user@25	2020-12-27 00:25:21	passwd25	\N
3436	test-user@26	2020-12-28 00:25:21	passwd26	\N
3437	test-user@27	2020-12-29 00:25:21	passwd27	\N
3438	test-user@28	2020-12-30 00:25:21	passwd28	\N
3439	test-user@29	2020-12-31 00:25:21	passwd29	\N
3440	test-user@30	2021-01-01 00:25:21	passwd30	\N
3441	test-user@31	2021-01-02 00:25:21	passwd31	\N
3442	test-user@32	2021-01-03 00:25:21	passwd32	\N
3443	test-user@33	2021-01-04 00:25:21	passwd33	\N
3444	test-user@34	2021-01-05 00:25:21	passwd34	\N
3445	test-user@35	2021-01-06 00:25:21	passwd35	\N
3446	test-user@36	2021-01-07 00:25:21	passwd36	\N
3447	test-user@37	2021-01-08 00:25:21	passwd37	\N
3448	test-user@38	2021-01-09 00:25:21	passwd38	\N
3449	test-user@39	2021-01-10 00:25:21	passwd39	\N
3450	test-user@40	2021-01-11 00:25:21	passwd40	\N
3451	test-user@41	2021-01-12 00:25:21	passwd41	\N
3452	test-user@42	2021-01-13 00:25:21	passwd42	\N
3453	test-user@43	2021-01-14 00:25:21	passwd43	\N
3454	test-user@44	2021-01-15 00:25:21	passwd44	\N
3455	test-user@45	2021-01-16 00:25:21	passwd45	\N
3456	test-user@46	2021-01-17 00:25:21	passwd46	\N
3457	test-user@47	2021-01-18 00:25:21	passwd47	\N
3458	test-user@48	2021-01-19 00:25:21	passwd48	\N
3459	test-user@49	2021-01-20 00:25:21	passwd49	\N
3460	test-user@50	2021-01-21 00:25:21	passwd50	\N
3461	test-user@51	2021-01-22 00:25:21	passwd51	\N
3462	test-user@52	2021-01-23 00:25:21	passwd52	\N
3463	test-user@53	2021-01-24 00:25:21	passwd53	\N
3464	test-user@54	2021-01-25 00:25:21	passwd54	\N
3465	test-user@55	2021-01-26 00:25:21	passwd55	\N
3466	test-user@56	2021-01-27 00:25:21	passwd56	\N
3467	test-user@57	2021-01-28 00:25:21	passwd57	\N
3468	test-user@58	2021-01-29 00:25:21	passwd58	\N
3469	test-user@59	2021-01-30 00:25:21	passwd59	\N
3470	test-user@60	2021-01-31 00:25:21	passwd60	\N
3471	test-user@61	2021-02-01 00:25:21	passwd61	\N
3472	test-user@62	2021-02-02 00:25:21	passwd62	\N
3473	test-user@63	2021-02-03 00:25:21	passwd63	\N
3474	test-user@64	2021-02-04 00:25:21	passwd64	\N
3475	test-user@65	2021-02-05 00:25:21	passwd65	\N
3476	test-user@66	2021-02-06 00:25:21	passwd66	\N
3477	test-user@67	2021-02-07 00:25:21	passwd67	\N
3478	test-user@68	2021-02-08 00:25:21	passwd68	\N
3479	test-user@69	2021-02-09 00:25:21	passwd69	\N
3480	test-user@70	2021-02-10 00:25:21	passwd70	\N
3481	test-user@71	2021-02-11 00:25:21	passwd71	\N
3482	test-user@72	2021-02-12 00:25:21	passwd72	\N
3483	test-user@73	2021-02-13 00:25:21	passwd73	\N
3484	test-user@74	2021-02-14 00:25:21	passwd74	\N
3485	test-user@75	2021-02-15 00:25:21	passwd75	\N
3486	test-user@76	2021-02-16 00:25:21	passwd76	\N
3487	test-user@77	2021-02-17 00:25:21	passwd77	\N
3488	test-user@78	2021-02-18 00:25:21	passwd78	\N
3489	test-user@79	2021-02-19 00:25:21	passwd79	\N
3490	test-user@80	2021-02-20 00:25:21	passwd80	\N
3491	test-user@81	2021-02-21 00:25:21	passwd81	\N
3492	test-user@82	2021-02-22 00:25:21	passwd82	\N
3493	test-user@83	2021-02-23 00:25:21	passwd83	\N
3494	test-user@84	2021-02-24 00:25:21	passwd84	\N
3495	test-user@85	2021-02-25 00:25:21	passwd85	\N
3496	test-user@86	2021-02-26 00:25:21	passwd86	\N
3497	test-user@87	2021-02-27 00:25:21	passwd87	\N
3498	test-user@88	2021-02-28 00:25:21	passwd88	\N
3499	test-user@89	2021-03-01 00:25:21	passwd89	\N
3500	test-user@90	2021-03-02 00:25:21	passwd90	\N
3501	test-user@91	2021-03-03 00:25:21	passwd91	\N
3502	test-user@92	2021-03-04 00:25:21	passwd92	\N
3503	test-user@93	2021-03-05 00:25:21	passwd93	\N
3504	test-user@94	2021-03-06 00:25:22	passwd94	\N
3505	test-user@95	2021-03-07 00:25:22	passwd95	\N
3506	test-user@96	2021-03-08 00:25:22	passwd96	\N
3507	test-user@97	2021-03-09 00:25:22	passwd97	\N
3508	test-user@98	2021-03-10 00:25:22	passwd98	\N
3509	test-user@99	2021-03-11 00:25:22	passwd99	\N
3510	test-user@100	2021-03-12 00:25:22	passwd100	\N
280	v.pupkin@super.net	2020-02-06 00:00:00	08f41e2b56730d87f1232d525303ba14	\N
275	s@s.com	2020-02-04 00:00:00	9f6e6800cfae7749eb6c486619254b9c	\N
372	nn@n.n	2020-03-07 22:34:56	a1931ec126bbad3fa7a3fc64209fd921	\N
\.


--
-- Data for Name: task; Type: TABLE DATA; Schema: public; Owner: pf
--

COPY public.task (tid, ttlid, tname, tdesc, tdtdue, tcompleted, tdtcompleted, tpri) FROM stdin;
4108	238	Pirple Flask app: hw#6		\N	f	\N	5
4109	238	Pirple Flask app: hw#7		\N	f	\N	5
4110	238	Pirple Flask app: proj3 FINAL		\N	f	\N	5
4111	225	dfgsdfgsdfg	dfgfdgdfg	\N	f	\N	-8
4112	225	238.1	ttt desc	\N	f	\N	6
4107	238	Pirple Flask app: Proj2		\N	f	\N	7
5132	1909	task-test-<3430,1909,1>	desc-<3430,1909,1>	\N	f	\N	-5
5133	1909	task-test-<3430,1909,2>	desc-<3430,1909,2>	\N	f	\N	-10
5134	1910	task-test-<3430,1910,1>	desc-<3430,1910,1>	\N	f	\N	-5
5135	1910	task-test-<3430,1910,2>	desc-<3430,1910,2>	\N	f	\N	-10
5136	1911	task-test-<3430,1911,1>	desc-<3430,1911,1>	\N	f	\N	-5
5137	1911	task-test-<3430,1911,2>	desc-<3430,1911,2>	\N	f	\N	-10
5138	1912	task-test-<3430,1912,1>	desc-<3430,1912,1>	\N	f	\N	-5
5139	1912	task-test-<3430,1912,2>	desc-<3430,1912,2>	\N	f	\N	-10
5140	1913	task-test-<3450,1913,1>	desc-<3450,1913,1>	\N	f	\N	-5
5141	1913	task-test-<3450,1913,2>	desc-<3450,1913,2>	\N	f	\N	-10
5142	1914	task-test-<3450,1914,1>	desc-<3450,1914,1>	\N	f	\N	-5
5143	1914	task-test-<3450,1914,2>	desc-<3450,1914,2>	\N	f	\N	-10
5144	1915	task-test-<3450,1915,1>	desc-<3450,1915,1>	\N	f	\N	-5
5145	1915	task-test-<3450,1915,2>	desc-<3450,1915,2>	\N	f	\N	-10
5146	1916	task-test-<3450,1916,1>	desc-<3450,1916,1>	\N	f	\N	-5
5147	1916	task-test-<3450,1916,2>	desc-<3450,1916,2>	\N	f	\N	-10
5148	1917	task-test-<3470,1917,1>	desc-<3470,1917,1>	\N	f	\N	-5
5149	1917	task-test-<3470,1917,2>	desc-<3470,1917,2>	\N	f	\N	-10
5150	1918	task-test-<3470,1918,1>	desc-<3470,1918,1>	\N	f	\N	-5
5151	1918	task-test-<3470,1918,2>	desc-<3470,1918,2>	\N	f	\N	-10
5152	1919	task-test-<3470,1919,1>	desc-<3470,1919,1>	\N	f	\N	-5
5153	1919	task-test-<3470,1919,2>	desc-<3470,1919,2>	\N	f	\N	-10
5154	1920	task-test-<3470,1920,1>	desc-<3470,1920,1>	\N	f	\N	-5
5155	1920	task-test-<3470,1920,2>	desc-<3470,1920,2>	\N	f	\N	-10
5156	1921	task-test-<3490,1921,1>	desc-<3490,1921,1>	\N	f	\N	-5
5157	1921	task-test-<3490,1921,2>	desc-<3490,1921,2>	\N	f	\N	-10
5158	1922	task-test-<3490,1922,1>	desc-<3490,1922,1>	\N	f	\N	-5
5159	1922	task-test-<3490,1922,2>	desc-<3490,1922,2>	\N	f	\N	-10
5160	1923	task-test-<3490,1923,1>	desc-<3490,1923,1>	\N	f	\N	-5
5161	1923	task-test-<3490,1923,2>	desc-<3490,1923,2>	\N	f	\N	-10
5162	1924	task-test-<3490,1924,1>	desc-<3490,1924,1>	\N	f	\N	-5
5163	1924	task-test-<3490,1924,2>	desc-<3490,1924,2>	\N	f	\N	-10
5164	1925	task-test-<3510,1925,1>	desc-<3510,1925,1>	\N	f	\N	-5
5165	1925	task-test-<3510,1925,2>	desc-<3510,1925,2>	\N	f	\N	-10
5166	1926	task-test-<3510,1926,1>	desc-<3510,1926,1>	\N	f	\N	-5
5167	1926	task-test-<3510,1926,2>	desc-<3510,1926,2>	\N	f	\N	-10
5168	1927	task-test-<3510,1927,1>	desc-<3510,1927,1>	\N	f	\N	-5
5169	1927	task-test-<3510,1927,2>	desc-<3510,1927,2>	\N	f	\N	-10
5170	1928	task-test-<3510,1928,1>	desc-<3510,1928,1>	\N	f	\N	-5
5171	1928	task-test-<3510,1928,2>	desc-<3510,1928,2>	\N	f	\N	-10
\.


--
-- Data for Name: tlist; Type: TABLE DATA; Schema: public; Owner: pf
--

COPY public.tlist (tluid, tlid, tlname, tldtcreated, tlactive, tlpri, tlcolor) FROM stdin;
280	235	11	2021-02-06 00:00:00	t	0	white
280	236	01	2021-02-06 00:00:00	t	0	white
280	234	1	2021-02-06 00:00:00	f	0	white
275	225	New task LIST	2021-02-06 00:00:00	f	-127	white
275	222	__Another list українськоюU__	2021-02-04 00:00:00	f	0	teal
275	233	Another task list українською_	2021-02-06 00:00:00	t	20	purple
275	376	tl new 07.03.2021	2021-03-07 22:33:04	t	0	white
372	377	Pirple PF	2021-03-07 22:36:00	t	10	maroon
3430	1909	tl-test-<3430,1>	2020-12-22 00:25:21	t	5	white
3430	1910	tl-test-<3430,2>	2020-12-22 00:25:21	t	10	white
3430	1911	tl-test-<3430,3>	2020-12-22 00:25:21	t	15	white
3430	1912	tl-test-<3430,4>	2020-12-22 00:25:21	t	20	white
3450	1913	tl-test-<3450,1>	2021-01-11 00:25:21	t	5	white
3450	1914	tl-test-<3450,2>	2021-01-11 00:25:21	t	10	white
3450	1915	tl-test-<3450,3>	2021-01-11 00:25:21	t	15	white
3450	1916	tl-test-<3450,4>	2021-01-11 00:25:21	t	20	white
3470	1917	tl-test-<3470,1>	2021-01-31 00:25:21	t	5	white
3470	1918	tl-test-<3470,2>	2021-01-31 00:25:21	t	10	white
3470	1919	tl-test-<3470,3>	2021-01-31 00:25:21	t	15	white
3470	1920	tl-test-<3470,4>	2021-01-31 00:25:21	t	20	white
3490	1921	tl-test-<3490,1>	2021-02-20 00:25:21	t	5	white
3490	1922	tl-test-<3490,2>	2021-02-20 00:25:21	t	10	white
3490	1923	tl-test-<3490,3>	2021-02-20 00:25:21	t	15	white
3490	1924	tl-test-<3490,4>	2021-02-20 00:25:21	t	20	white
3510	1925	tl-test-<3510,1>	2021-03-12 00:25:22	t	5	white
3510	1926	tl-test-<3510,2>	2021-03-12 00:25:22	t	10	white
3510	1927	tl-test-<3510,3>	2021-03-12 00:25:22	t	15	white
3510	1928	tl-test-<3510,4>	2021-03-12 00:25:22	t	20	white
275	238	Терміново 1	2021-02-08 00:00:00	t	101	white
\.


--
-- Name: admuser_auid_seq; Type: SEQUENCE SET; Schema: public; Owner: pf
--

SELECT pg_catalog.setval('public.admuser_auid_seq', 1, true);


--
-- Name: task_tid_seq; Type: SEQUENCE SET; Schema: public; Owner: pf
--

SELECT pg_catalog.setval('public.task_tid_seq', 5184, true);


--
-- Name: tlist_tlid_seq; Type: SEQUENCE SET; Schema: public; Owner: pf
--

SELECT pg_catalog.setval('public.tlist_tlid_seq', 1937, true);


--
-- Name: user_uid_seq; Type: SEQUENCE SET; Schema: public; Owner: pf
--

SELECT pg_catalog.setval('public.user_uid_seq', 3515, true);


--
-- Name: admuser admuser_pk; Type: CONSTRAINT; Schema: public; Owner: pf
--

ALTER TABLE ONLY public.admuser
    ADD CONSTRAINT admuser_pk PRIMARY KEY (auid);


--
-- Name: task task_pk; Type: CONSTRAINT; Schema: public; Owner: pf
--

ALTER TABLE ONLY public.task
    ADD CONSTRAINT task_pk PRIMARY KEY (tid);


--
-- Name: tlist tlist_pk; Type: CONSTRAINT; Schema: public; Owner: pf
--

ALTER TABLE ONLY public.tlist
    ADD CONSTRAINT tlist_pk PRIMARY KEY (tlid);


--
-- Name: appuser user_pk; Type: CONSTRAINT; Schema: public; Owner: pf
--

ALTER TABLE ONLY public.appuser
    ADD CONSTRAINT user_pk PRIMARY KEY (uid);


--
-- Name: user_uname_idx; Type: INDEX; Schema: public; Owner: pf
--

CREATE UNIQUE INDEX user_uname_idx ON public.appuser USING btree (uname);


--
-- Name: task task_fk; Type: FK CONSTRAINT; Schema: public; Owner: pf
--

ALTER TABLE ONLY public.task
    ADD CONSTRAINT task_fk FOREIGN KEY (ttlid) REFERENCES public.tlist(tlid);


--
-- Name: tlist tlist_fk; Type: FK CONSTRAINT; Schema: public; Owner: pf
--

ALTER TABLE ONLY public.tlist
    ADD CONSTRAINT tlist_fk FOREIGN KEY (tluid) REFERENCES public.appuser(uid);


--
-- Name: TABLE appuser; Type: ACL; Schema: public; Owner: pf
--

GRANT ALL ON TABLE public.appuser TO postgres;


--
-- PostgreSQL database dump complete
--

--
-- Database "postgres" dump
--

\connect postgres

--
-- PostgreSQL database dump
--

-- Dumped from database version 12.5 (Ubuntu 12.5-0ubuntu0.20.04.1)
-- Dumped by pg_dump version 12.5 (Ubuntu 12.5-0ubuntu0.20.04.1)

SET statement_timeout = 0;
SET lock_timeout = 0;
SET idle_in_transaction_session_timeout = 0;
SET client_encoding = 'UTF8';
SET standard_conforming_strings = on;
SELECT pg_catalog.set_config('search_path', '', false);
SET check_function_bodies = false;
SET xmloption = content;
SET client_min_messages = warning;
SET row_security = off;

--
-- PostgreSQL database dump complete
--

--
-- PostgreSQL database cluster dump complete
--

